<?xml version="1.0" encoding="UTF-8"?>
<testng-results skipped="0" failed="0" ignored="0" total="1" passed="1">
  <reporter-output>
  </reporter-output>
  <suite name="Default suite" duration-ms="24794" started-at="2021-12-18T03:34:52Z" finished-at="2021-12-18T03:35:16Z">
    <groups>
    </groups>
    <test name="Default test" duration-ms="24794" started-at="2021-12-18T03:34:52Z" finished-at="2021-12-18T03:35:16Z">
      <class name="com.base.BaseClass">
        <test-method status="PASS" signature="test01()[pri:0, instance:com.base.BaseClass@56235b8e]" name="test01" duration-ms="24567" started-at="2021-12-18T03:34:52Z" finished-at="2021-12-18T03:35:16Z">
          <reporter-output>
          </reporter-output>
        </test-method> <!-- test01 -->
      </class> <!-- com.base.BaseClass -->
    </test> <!-- Default test -->
  </suite> <!-- Default suite -->
</testng-results>
